\BOOKMARK [1][-]{section.1}{The Heat Equation}{}% 1
\BOOKMARK [2][-]{subsection.1.1}{Introduction}{section.1}% 2
\BOOKMARK [2][-]{subsection.1.2}{Derivation of the Heat Equation in a 1-D Rod}{section.1}% 3
\BOOKMARK [2][-]{subsection.1.3}{Boundary Conditions}{section.1}% 4
\BOOKMARK [2][-]{subsection.1.4}{Equilibrium Temperature Distribution}{section.1}% 5
\BOOKMARK [3][-]{subsubsection.1.4.1}{Prescribed Temperature}{subsection.1.4}% 6
\BOOKMARK [3][-]{subsubsection.1.4.2}{Perfectly Insulated Ends}{subsection.1.4}% 7
\BOOKMARK [2][-]{subsection.1.5}{The Heat Equation in 2 or 3 Dimensions}{section.1}% 8
\BOOKMARK [1][-]{section.2}{Method of Separation of Variables}{}% 9
\BOOKMARK [2][-]{subsection.2.1}{Introduction}{section.2}% 10
\BOOKMARK [2][-]{subsection.2.2}{Linearity}{section.2}% 11
\BOOKMARK [2][-]{subsection.2.3}{Heat Equation with Homogeneous Prescribed Temperature Boundary Conditions}{section.2}% 12
\BOOKMARK [3][-]{subsubsection.2.3.1}{Orthogonality of Sines}{subsection.2.3}% 13
\BOOKMARK [2][-]{subsection.2.4}{Worked Example with the Heat Equation}{section.2}% 14
\BOOKMARK [3][-]{subsubsection.2.4.1}{Heat Conduction in a Rod with Insulated Ends}{subsection.2.4}% 15
\BOOKMARK [3][-]{subsubsection.2.4.2}{Heat Conduction in a Thin Insulated Circular Ring}{subsection.2.4}% 16
\BOOKMARK [1][-]{section.3}{Fourier Series}{}% 17
\BOOKMARK [2][-]{subsection.3.1}{Introduction}{section.3}% 18
\BOOKMARK [2][-]{subsection.3.2}{Convergence Theorem}{section.3}% 19
\BOOKMARK [2][-]{subsection.3.3}{Fourier Sine and Cosine Series}{section.3}% 20
