\BOOKMARK [1][-]{section.1}{Computer Architecture and Compilation Process}{}% 1
\BOOKMARK [2][-]{subsection.1.1}{Basic Architecture}{section.1}% 2
\BOOKMARK [2][-]{subsection.1.2}{Memory}{section.1}% 3
\BOOKMARK [2][-]{subsection.1.3}{Compilation}{section.1}% 4
\BOOKMARK [1][-]{section.2}{Software Development Process}{}% 5
\BOOKMARK [2][-]{subsection.2.1}{Analysis}{section.2}% 6
\BOOKMARK [2][-]{subsection.2.2}{Design}{section.2}% 7
\BOOKMARK [2][-]{subsection.2.3}{Implementation}{section.2}% 8
\BOOKMARK [2][-]{subsection.2.4}{Repeat}{section.2}% 9
\BOOKMARK [1][-]{section.3}{Data Representation}{}% 10
\BOOKMARK [2][-]{subsection.3.1}{Positional Number System}{section.3}% 11
\BOOKMARK [2][-]{subsection.3.2}{Binary Number System}{section.3}% 12
\BOOKMARK [1][-]{section.4}{Data Representation in the Computer}{}% 13
\BOOKMARK [2][-]{subsection.4.1}{Sign Magnitude Notation}{section.4}% 14
\BOOKMARK [2][-]{subsection.4.2}{Floating-Point Numbers}{section.4}% 15
\BOOKMARK [1][-]{section.5}{Objects, Values, and Types}{}% 16
\BOOKMARK [2][-]{subsection.5.1}{Boolean}{section.5}% 17
\BOOKMARK [2][-]{subsection.5.2}{Character}{section.5}% 18
\BOOKMARK [2][-]{subsection.5.3}{Integer}{section.5}% 19
\BOOKMARK [2][-]{subsection.5.4}{Floating-Point}{section.5}% 20
\BOOKMARK [2][-]{subsection.5.5}{Variables}{section.5}% 21
\BOOKMARK [2][-]{subsection.5.6}{Declarations}{section.5}% 22
\BOOKMARK [1][-]{section.6}{Expressions and Statements}{}% 23
\BOOKMARK [2][-]{subsection.6.1}{If Statement}{section.6}% 24
\BOOKMARK [2][-]{subsection.6.2}{While Statement}{section.6}% 25
\BOOKMARK [2][-]{subsection.6.3}{For Statement}{section.6}% 26
\BOOKMARK [2][-]{subsection.6.4}{Do-While}{section.6}% 27
\BOOKMARK [2][-]{subsection.6.5}{Debugging}{section.6}% 28
\BOOKMARK [1][-]{section.7}{Compound Types, Compound Data}{}% 29
\BOOKMARK [2][-]{subsection.7.1}{References}{section.7}% 30
\BOOKMARK [2][-]{subsection.7.2}{Pointers}{section.7}% 31
\BOOKMARK [2][-]{subsection.7.3}{Array}{section.7}% 32
\BOOKMARK [2][-]{subsection.7.4}{Vector}{section.7}% 33
\BOOKMARK [1][-]{section.8}{Type Conversions}{}% 34
\BOOKMARK [2][-]{subsection.8.1}{Narrowing Conversions}{section.8}% 35
\BOOKMARK [2][-]{subsection.8.2}{Widening Conversions}{section.8}% 36
\BOOKMARK [1][-]{section.9}{Errors}{}% 37
\BOOKMARK [2][-]{subsection.9.1}{Compile Time Errors}{section.9}% 38
\BOOKMARK [2][-]{subsection.9.2}{Link Time Errors}{section.9}% 39
\BOOKMARK [2][-]{subsection.9.3}{Run-Time Errors}{section.9}% 40
\BOOKMARK [2][-]{subsection.9.4}{Logic Errors}{section.9}% 41
\BOOKMARK [1][-]{section.10}{I/O Streams}{}% 42
\BOOKMARK [2][-]{subsection.10.1}{OStream}{section.10}% 43
\BOOKMARK [2][-]{subsection.10.2}{IStream}{section.10}% 44
\BOOKMARK [2][-]{subsection.10.3}{The I/O Classes}{section.10}% 45
\BOOKMARK [2][-]{subsection.10.4}{Stream State Flags}{section.10}% 46
\BOOKMARK [1][-]{section.11}{Function Basics}{}% 47
\BOOKMARK [2][-]{subsection.11.1}{Function Declarations}{section.11}% 48
\BOOKMARK [2][-]{subsection.11.2}{Function Definition}{section.11}% 49
\BOOKMARK [1][-]{section.12}{Function Argument Passing}{}% 50
\BOOKMARK [2][-]{subsection.12.1}{Pass-by-Value}{section.12}% 51
\BOOKMARK [2][-]{subsection.12.2}{Pass-by-Reference}{section.12}% 52
\BOOKMARK [2][-]{subsection.12.3}{Pass-by-Constant-Reference}{section.12}% 53
\BOOKMARK [2][-]{subsection.12.4}{Guidance for Passing Arguments}{section.12}% 54
\BOOKMARK [1][-]{section.13}{Functions and the Stack}{}% 55
\BOOKMARK [1][-]{section.14}{Recursive Functions}{}% 56
\BOOKMARK [2][-]{subsection.14.1}{Recursive Function and the Stack}{section.14}% 57
\BOOKMARK [1][-]{section.15}{Functions and Exceptions}{}% 58
\BOOKMARK [2][-]{subsection.15.1}{Exceptions}{section.15}% 59
\BOOKMARK [1][-]{section.16}{Function Overloading}{}% 60
\BOOKMARK [1][-]{section.17}{Dynamic Memory}{}% 61
\BOOKMARK [2][-]{subsection.17.1}{Allocation of Memory to Variables \(stack\)}{section.17}% 62
\BOOKMARK [2][-]{subsection.17.2}{Dynamically Allocated Objects \(heap/free store\)}{section.17}% 63
\BOOKMARK [1][-]{section.18}{Classes}{}% 64
\BOOKMARK [2][-]{subsection.18.1}{Accessors\(getters\) and Mutators\(setters\)}{section.18}% 65
\BOOKMARK [2][-]{subsection.18.2}{Constructors}{section.18}% 66
\BOOKMARK [1][-]{section.19}{Overloaded Operators for User-Defined Types}{}% 67
